2023-09-14T21:22:32.105Z [error]: Uncaught Exception: Random Error
2023-09-14T21:27:03.047Z [error]: Uncaught Exception: Random Error
2023-09-14T21:29:52.659Z [error]: Uncaught Exception: Random Error
2023-09-14T21:31:42.839Z [info]: This is an info message
2023-09-14T21:31:42.842Z [error]: This is an error message
2023-09-14T21:31:42.842Z [warn]: This is a warning message
2023-09-14T21:31:42.844Z [error]: Uncaught Exception: Random Error
2023-09-14T21:32:34.387Z [info]: This is an info message
2023-09-14T21:32:34.390Z [error]: This is an error message
2023-09-14T21:32:34.390Z [warn]: This is a warning message
2023-09-14T21:32:34.391Z [error]: Uncaught Exception: Random Error
2023-09-14T21:33:06.514Z [info]: This is an info message
2023-09-14T21:33:06.517Z [error]: This is an error message
2023-09-14T21:33:06.518Z [warn]: This is a warning message
2023-09-14T21:33:06.519Z [error]: Uncaught Exception: Random Error
2023-09-14T21:34:07.814Z [info]: This is an info message
2023-09-14T21:34:07.818Z [error]: This is an error message
2023-09-14T21:34:07.819Z [warn]: This is a warning message
2023-09-14T21:34:07.820Z [error]: Uncaught Exception: Random Error
2023-09-14T21:34:33.282Z [info]: This is an info message
2023-09-14T21:34:33.285Z [error]: This is an error message
2023-09-14T21:34:33.286Z [warn]: This is a warning message
2023-09-14T21:34:33.287Z [error]: Uncaught Exception: Random Error
2023-09-14T21:35:15.930Z [info]: This is an info message
2023-09-14T21:35:15.933Z [error]: This is an error message
2023-09-14T21:35:15.933Z [warn]: This is a warning message
2023-09-14T21:35:15.935Z [error]: Uncaught Exception: Random Error
2023-09-14T21:36:25.810Z [info]: This is an info message
2023-09-14T21:36:25.813Z [error]: This is an error message
2023-09-14T21:36:25.813Z [warn]: This is a warning message
2023-09-14T21:36:25.814Z [error]: Uncaught Exception: Random Error
2023-09-14T21:36:53.362Z [info]: This is an info message
2023-09-14T21:36:53.365Z [error]: This is an error message
2023-09-14T21:36:53.366Z [warn]: This is a warning message
2023-09-14T21:36:53.367Z [error]: Uncaught Exception: Random Error
2023-09-14T21:37:18.853Z [info]: This is an info message
2023-09-14T21:37:18.856Z [error]: This is an error message
2023-09-14T21:37:18.857Z [warn]: This is a warning message
2023-09-14T21:38:09.957Z [info]: This is an info message
2023-09-14T21:38:09.959Z [error]: This is an error message
2023-09-14T21:38:09.960Z [warn]: This is a warning message
2023-09-14T21:38:23.983Z [info]: Get grocery item: 
2023-09-14T21:38:58.134Z [info]: This is an info message
2023-09-14T21:38:58.137Z [error]: This is an error message
2023-09-14T21:38:58.138Z [warn]: This is a warning message
2023-09-14T21:39:01.344Z [info]: Getting Grocery List: 
2023-09-14T21:39:05.653Z [info]: Put grocery item: [object Object]
2023-09-14T21:41:17.035Z [info]: This is an info message
2023-09-14T21:41:17.038Z [error]: This is an error message
2023-09-14T21:41:17.039Z [warn]: This is a warning message
2023-09-14T21:41:20.310Z [info]: Adding grocery item: {"id":0,"productName":"Cookies","price":9.99,"qty":5,"purchased":false}
2023-09-14T21:41:40.103Z [info]: new item updated[object Object]
2023-09-14T21:41:55.605Z [info]: deleting item at index: id=0
2023-09-14T21:41:55.607Z [info]: [object Object] has been removed
2023-09-14T21:41:55.610Z [info]: Cookies is being removed
2023-09-14T21:42:36.354Z [info]: This is an info message
2023-09-14T21:42:36.363Z [error]: This is an error message
2023-09-14T21:42:36.365Z [warn]: This is a warning message
2023-09-14T21:42:40.185Z [info]: Getting Grocery List: 
2023-09-14T21:42:43.738Z [info]: Adding grocery item: {"id":0,"productName":"Cookies","price":9.99,"qty":5,"purchased":false}
2023-09-14T21:42:48.327Z [info]: new item updated{"id":0,"productName":"Cookies","price":91.99,"qty":5,"purchased":false}
2023-09-14T21:42:55.136Z [info]: Getting Grocery List: [object Object]
2023-09-14T21:43:34.063Z [info]: deleting item at index: id=0
2023-09-14T21:43:34.064Z [info]: [{"id":0,"productName":"Cookies","price":91.99,"qty":5,"purchased":false}] has been removed
2023-09-14T21:44:07.425Z [info]: This is an info message
2023-09-14T21:44:07.428Z [error]: This is an error message
2023-09-14T21:44:07.429Z [warn]: This is a warning message
2023-09-14T21:44:10.334Z [info]: Adding grocery item: {"id":0,"productName":"Cookies","price":9.99,"qty":5,"purchased":false}
2023-09-14T21:44:16.038Z [info]: deleting item at index: id=0
2023-09-14T21:44:16.039Z [info]: {"id":0,"productName":"Cookies","price":9.99,"qty":5,"purchased":false} has been removed
2023-09-14T21:44:25.286Z [info]: Adding grocery item: {"id":0,"productName":"Cookies","price":9.99,"qty":5,"purchased":false}
2023-09-14T21:44:28.695Z [info]: Getting Grocery List: [{"id":0,"productName":"Cookies","price":9.99,"qty":5,"purchased":false}]
2023-09-14T21:44:33.438Z [info]: Adding grocery item: {"id":0,"productName":"Cookies","price":9.99,"qty":5,"purchased":false}
2023-09-14T21:44:35.967Z [info]: Getting Grocery List: [{"id":0,"productName":"Cookies","price":9.99,"qty":5,"purchased":false},{"id":0,"productName":"Cookies","price":9.99,"qty":5,"purchased":false}]
2023-09-14T21:45:20.282Z [info]: This is an info message
2023-09-14T21:45:20.284Z [error]: This is an error message
2023-09-14T21:45:20.285Z [warn]: This is a warning message
2023-09-14T21:45:26.148Z [info]: Getting Grocery List: []
2023-09-14T21:45:31.247Z [error]: something went wrong idk
